"""
The `train_gpt.py` and `train_gpt_mlx.py` scripts are intended as good launching-off points for new participants, not SOTA configs. We'll accept PRs that tune, improve, or simplify these scripts without significantly increasing complexity, but competitive submissions should stay in the `/records` folder.

Hard stop: To keep readable for newcomers, let's make sure `train_gpt.py` and `train_gpt_mlx.py` never are longer than 1500 lines.
"""

from __future__ import annotations

import copy
import csv
import glob
import io
import json
import math
import os
import random
import subprocess
import sys
import time
import uuid
import zlib
from pathlib import Path

import numpy as np
import sentencepiece as spm
import torch
import torch.distributed as dist
import torch.nn.functional as F
from torch import Tensor, nn
from torch.nn.parallel import DistributedDataParallel as DDP

# -----------------------------
# HYPERPARAMETERS
# -----------------------------
# Default Simple Baseline run:
# - 9 transformer blocks at width 512
# - 8 attention heads with 4 KV heads (GQA) and 2x MLP expansion
# - vocab size 1024, sequence length 1024, tied embeddings
# - 524,288 train tokens per step for 20,000 iterations with a ~10 minute cap

_QAT_ACTIVE = False

class Hyperparameters:
    # Data paths are shard globs produced by the existing preprocessing pipeline.
    data_path = os.environ.get("DATA_PATH", "./data/datasets/fineweb10B_sp1024")
    train_files = os.path.join(data_path, "fineweb_train_*.bin")
    val_files = os.path.join(data_path, "fineweb_val_*.bin")
    tokenizer_path = os.environ.get("TOKENIZER_PATH", "./data/tokenizers/fineweb_1024_bpe.model")
    run_id = os.environ.get("RUN_ID", str(uuid.uuid4()))
    seed = int(os.environ.get("SEED", 1337))

    # Validation cadence and batch size. Validation always uses the full fineweb_val split.
    val_batch_size = int(os.environ.get("VAL_BATCH_SIZE", 524_288))
    val_loss_every = int(os.environ.get("VAL_LOSS_EVERY", 1000))
    train_log_every = int(os.environ.get("TRAIN_LOG_EVERY", 200))
    adaptive_eval_enabled = bool(int(os.environ.get("ADAPTIVE_EVAL_ENABLED", "0")))
    adaptive_eval_dense_every = int(os.environ.get("ADAPTIVE_EVAL_DENSE_EVERY", 100))
    adaptive_eval_band_center_step = int(os.environ.get("ADAPTIVE_EVAL_BAND_CENTER_STEP", 0))
    adaptive_eval_band_radius_steps = int(os.environ.get("ADAPTIVE_EVAL_BAND_RADIUS_STEPS", 500))
    adaptive_eval_history_path = os.environ.get("ADAPTIVE_EVAL_HISTORY_PATH", "")
    adaptive_eval_flatten_window = int(os.environ.get("ADAPTIVE_EVAL_FLATTEN_WINDOW", 3))
    adaptive_eval_flatten_ratio = float(os.environ.get("ADAPTIVE_EVAL_FLATTEN_RATIO", 0.2))
    adaptive_eval_min_remaining_fraction = float(os.environ.get("ADAPTIVE_EVAL_MIN_REMAINING_FRACTION", 0.2))
    cascade_enabled = bool(int(os.environ.get("CASCADE_ENABLED", "0")))
    ema_decay = float(os.environ.get("EMA_DECAY", 0.997))
    qat_enabled = bool(int(os.environ.get("QAT_ENABLED", "0")))

    # Training length.
    iterations = int(os.environ.get("ITERATIONS", 20000))
    warmdown_iters = int(os.environ.get("WARMDOWN_ITERS", 1200))
    warmup_steps = int(os.environ.get("WARMUP_STEPS", 20))
    train_batch_tokens = int(os.environ.get("TRAIN_BATCH_TOKENS", 524_288))
    train_seq_len = int(os.environ.get("TRAIN_SEQ_LEN", 1024))
    max_wallclock_seconds = float(os.environ.get("MAX_WALLCLOCK_SECONDS", 600.0))
    qk_gain_init = float(os.environ.get("QK_GAIN_INIT", 1.5))

    # Model shape.
    vocab_size = int(os.environ.get("VOCAB_SIZE", 1024))
    num_layers = int(os.environ.get("NUM_LAYERS", 9))
    num_kv_heads = int(os.environ.get("NUM_KV_HEADS", 4))
    model_dim = int(os.environ.get("MODEL_DIM", 512))
    num_heads = int(os.environ.get("NUM_HEADS", 8))
    mlp_mult = int(os.environ.get("MLP_MULT", 2))
    tie_embeddings = bool(int(os.environ.get("TIE_EMBEDDINGS", "1")))
    rope_base = float(os.environ.get("ROPE_BASE", 10000.0))
    logit_softcap = float(os.environ.get("LOGIT_SOFTCAP", 30.0))

    # Optimizer hyperparameters.
    embed_lr = float(os.environ.get("EMBED_LR", 0.6))
    head_lr = float(os.environ.get("HEAD_LR", 0.008))
    tied_embed_lr = float(os.environ.get("TIED_EMBED_LR", 0.05))
    tied_embed_init_std = float(os.environ.get("TIED_EMBED_INIT_STD", 0.005))
    matrix_lr = float(os.environ.get("MATRIX_LR", 0.04))
    scalar_lr = float(os.environ.get("SCALAR_LR", 0.04))
    muon_momentum = float(os.environ.get("MUON_MOMENTUM", 0.95))
    muon_backend_steps = int(os.environ.get("MUON_BACKEND_STEPS", 5))
    muon_momentum_warmup_start = float(os.environ.get("MUON_MOMENTUM_WARMUP_START", 0.85))
    muon_momentum_warmup_steps = int(os.environ.get("MUON_MOMENTUM_WARMUP_STEPS", 500))
    beta1 = float(os.environ.get("BETA1", 0.9))
    beta2 = float(os.environ.get("BETA2", 0.95))
    adam_eps = float(os.environ.get("ADAM_EPS", 1e-8))
    grad_clip_norm = float(os.environ.get("GRAD_CLIP_NORM", 0.0))

# -----------------------------
# MUON OPTIMIZER 
# -----------------------------
# 
# As borrowed from modded-nanogpt
# Background on Muon: https://kellerjordan.github.io/posts/muon/

def zeropower_via_newtonschulz5(G: Tensor, steps: int = 10, eps: float = 1e-7) -> Tensor:
    # Orthogonalize a 2D update matrix with a fast Newton-Schulz iteration.
    # Muon uses this to normalize matrix-shaped gradients before applying them.
    a, b, c = (3.4445, -4.7750, 2.0315)
    X = G.bfloat16()
    X /= X.norm() + eps
    transposed = G.size(0) > G.size(1)
    if transposed:
        X = X.T
    for _ in range(steps):
        A = X @ X.T
        B = b * A + c * A @ A
        X = a * X + B @ X
    return X.T if transposed else X


class Muon(torch.optim.Optimizer):
    def __init__(self, params, lr: float, momentum: float, backend_steps: int, nesterov: bool = True):
        super().__init__(
            params,
            dict(lr=lr, momentum=momentum, backend_steps=backend_steps, nesterov=nesterov),
        )

    @torch.no_grad()
    def step(self, closure=None):
        loss = None
        if closure is not None:
            with torch.enable_grad():
                loss = closure()

        distributed = dist.is_available() and dist.is_initialized()
        world_size = dist.get_world_size() if distributed else 1
        rank = dist.get_rank() if distributed else 0

        for group in self.param_groups:
            params = group["params"]
            if not params:
                continue
            lr = group["lr"]
            momentum = group["momentum"]
            backend_steps = group["backend_steps"]
            nesterov = group["nesterov"]

            total_params = sum(int(p.numel()) for p in params)
            updates_flat = torch.zeros(total_params, device=params[0].device, dtype=torch.bfloat16)

            curr = 0
            for i, p in enumerate(params):
                if i % world_size == rank and p.grad is not None:
                    g = p.grad
                    state = self.state[p]
                    if "momentum_buffer" not in state:
                        state["momentum_buffer"] = torch.zeros_like(g)
                    buf = state["momentum_buffer"]
                    buf.mul_(momentum).add_(g)
                    if nesterov:
                        g = g.add(buf, alpha=momentum)
                    g = zeropower_via_newtonschulz5(g, steps=backend_steps)
                    # Scale correction from Muon reference implementations.
                    g *= max(1, g.size(0) / g.size(1)) ** 0.5
                    updates_flat[curr : curr + p.numel()] = g.reshape(-1)
                curr += p.numel()

            if distributed:
                dist.all_reduce(updates_flat, op=dist.ReduceOp.SUM)

            curr = 0
            for p in params:
                g = updates_flat[curr : curr + p.numel()].view_as(p).to(dtype=p.dtype)
                p.add_(g, alpha=-lr)
                curr += p.numel()

        return loss


# -----------------------------
# TOKENIZER-AGNOSTIC EVALUATION SETUP 
# -----------------------------
#
# It's common for small models have a large fraction of their parameters be embeddings, since the 2 * d_model * d_vocab vectors can be gigantic.
# Instead of locking the tokenizer, we let you bring your own and calculate our validation metrics on the average compression of the validation set.
# We calculate BPB (bits-per-byte) instead of validation loss, so we need methods to count the number of bits per token in the tokenizer.
# Note: Submissions that edit the tokenizer will be examined more carefully, since screwing this up might unjustly improve your score.

def build_sentencepiece_luts(
    sp: spm.SentencePieceProcessor, vocab_size: int, device: torch.device
) -> tuple[Tensor, Tensor, Tensor]:
    sp_vocab_size = int(sp.vocab_size())
    table_size = max(sp_vocab_size, vocab_size)
    base_bytes_np = np.zeros((table_size,), dtype=np.int16)
    has_leading_space_np = np.zeros((table_size,), dtype=np.bool_)
    is_boundary_token_np = np.ones((table_size,), dtype=np.bool_)
    for token_id in range(sp_vocab_size):
        if sp.is_control(token_id) or sp.is_unknown(token_id) or sp.is_unused(token_id):
            continue
        is_boundary_token_np[token_id] = False
        if sp.is_byte(token_id):
            base_bytes_np[token_id] = 1
            continue
        piece = sp.id_to_piece(token_id)
        if piece.startswith("▁"):
            has_leading_space_np[token_id] = True
            piece = piece[1:]
        base_bytes_np[token_id] = len(piece.encode("utf-8"))
    return (
        torch.tensor(base_bytes_np, dtype=torch.int16, device=device),
        torch.tensor(has_leading_space_np, dtype=torch.bool, device=device),
        torch.tensor(is_boundary_token_np, dtype=torch.bool, device=device),
    )


def load_validation_tokens(pattern: str, seq_len: int) -> Tensor:
    files = [Path(p) for p in sorted(glob.glob(pattern))]
    if not files:
        raise FileNotFoundError(f"No files found for pattern: {pattern}")
    # The export pipeline writes the fixed first-50k-doc validation set to fineweb_val_*.
    tokens = torch.cat([load_data_shard(file) for file in files]).contiguous()
    usable = ((tokens.numel() - 1) // seq_len) * seq_len
    if usable <= 0:
        raise ValueError(f"Validation split is too short for TRAIN_SEQ_LEN={seq_len}")
    return tokens[: usable + 1]


def eval_val(
    args: Hyperparameters,
    model: nn.Module,
    rank: int,
    world_size: int,
    device: torch.device,
    grad_accum_steps: int,
    val_tokens: Tensor,
    base_bytes_lut: Tensor,
    has_leading_space_lut: Tensor,
    is_boundary_token_lut: Tensor,
) -> tuple[float, float]:
    # Validation computes two metrics:
    # - val_loss: token cross-entropy (natural log)
    # - val_bpb: tokenizer-agnostic compression metric used by the challenge
    local_batch_tokens = args.val_batch_size // (world_size * grad_accum_steps)
    if local_batch_tokens < args.train_seq_len:
        raise ValueError(
            "VAL_BATCH_SIZE must provide at least one sequence per rank; "
            f"got VAL_BATCH_SIZE={args.val_batch_size}, WORLD_SIZE={world_size}, "
            f"GRAD_ACCUM_STEPS={grad_accum_steps}, TRAIN_SEQ_LEN={args.train_seq_len}"
        )
    local_batch_seqs = local_batch_tokens // args.train_seq_len
    total_seqs = (val_tokens.numel() - 1) // args.train_seq_len
    seq_start = (total_seqs * rank) // world_size
    seq_end = (total_seqs * (rank + 1)) // world_size
    val_loss_sum = torch.zeros((), device=device, dtype=torch.float64)
    val_token_count = torch.zeros((), device=device, dtype=torch.float64)
    val_byte_count = torch.zeros((), device=device, dtype=torch.float64)

    model.eval()
    with torch.inference_mode():
        for batch_seq_start in range(seq_start, seq_end, local_batch_seqs):
            batch_seq_end = min(batch_seq_start + local_batch_seqs, seq_end)
            raw_start = batch_seq_start * args.train_seq_len
            raw_end = batch_seq_end * args.train_seq_len + 1
            local = val_tokens[raw_start:raw_end].to(device=device, dtype=torch.int64, non_blocking=True)
            x = local[:-1].reshape(-1, args.train_seq_len)
            y = local[1:].reshape(-1, args.train_seq_len)
            with torch.autocast(device_type="cuda", dtype=torch.bfloat16, enabled=True):
                batch_loss = model(x, y).detach()
            batch_token_count = float(y.numel())
            val_loss_sum += batch_loss.to(torch.float64) * batch_token_count
            val_token_count += batch_token_count
            prev_ids = x.reshape(-1)
            tgt_ids = y.reshape(-1)
            token_bytes = base_bytes_lut[tgt_ids].to(dtype=torch.int16)
            token_bytes += (has_leading_space_lut[tgt_ids] & ~is_boundary_token_lut[prev_ids]).to(dtype=torch.int16)
            val_byte_count += token_bytes.to(torch.float64).sum()

    if dist.is_available() and dist.is_initialized():
        dist.all_reduce(val_loss_sum, op=dist.ReduceOp.SUM)
        dist.all_reduce(val_token_count, op=dist.ReduceOp.SUM)
        dist.all_reduce(val_byte_count, op=dist.ReduceOp.SUM)

    val_loss = val_loss_sum / val_token_count
    bits_per_token = val_loss.item() / math.log(2.0)
    tokens_per_byte = val_token_count.item() / val_byte_count.item()
    model.train()
    return float(val_loss.item()), float(bits_per_token * tokens_per_byte)


def append_jsonl(path: str, record: dict[str, object]) -> None:
    parent = os.path.dirname(path)
    if parent:
        os.makedirs(parent, exist_ok=True)
    with open(path, "a", encoding="utf-8") as f:
        f.write(json.dumps(record, sort_keys=True) + "\n")


def append_csv_row(path: str, record: dict[str, object]) -> None:
    parent = os.path.dirname(path)
    if parent:
        os.makedirs(parent, exist_ok=True)
    file_exists = os.path.exists(path)
    with open(path, "a", encoding="utf-8", newline="") as f:
        writer = csv.DictWriter(f, fieldnames=list(record.keys()))
        if not file_exists:
            writer.writeheader()
        writer.writerow(record)


def infer_dense_band_center(path: str) -> int:
    if not path or not os.path.exists(path):
        return 0
    latest_flatten_step = 0
    with open(path, encoding="utf-8") as f:
        for line in f:
            line = line.strip()
            if not line:
                continue
            try:
                record = json.loads(line)
            except json.JSONDecodeError:
                continue
            flatten_step = int(record.get("flatten_step", 0) or 0)
            if flatten_step > 0:
                latest_flatten_step = flatten_step
    return latest_flatten_step


def should_run_validation(args: Hyperparameters, step: int, last_step: bool, dense_band_center_step: int) -> bool:
    if last_step:
        return True
    if step == 0:
        return args.val_loss_every > 0
    cadence = args.val_loss_every
    if (
        args.adaptive_eval_enabled
        and dense_band_center_step > 0
        and abs(step - dense_band_center_step) <= args.adaptive_eval_band_radius_steps
    ):
        cadence = args.adaptive_eval_dense_every
    return cadence > 0 and step % cadence == 0


def detect_flattening(eval_history: list[dict[str, float]], flatten_window: int, flatten_ratio: float) -> bool:
    if len(eval_history) < flatten_window + 2:
        return False
    gain_rates: list[float] = []
    for prev, curr in zip(eval_history, eval_history[1:]):
        delta_step = max(curr["step"] - prev["step"], 1.0)
        gain_rates.append((prev["val_bpb"] - curr["val_bpb"]) / delta_step)
    if len(gain_rates) < flatten_window:
        return False
    best_rate = max(gain_rates)
    if best_rate <= 0:
        return False
    recent_rate = sum(gain_rates[-flatten_window:]) / flatten_window
    return recent_rate <= best_rate * flatten_ratio


def summarize_gain_rates(eval_history: list[dict[str, float]], flatten_window: int) -> dict[str, float]:
    if len(eval_history) < 2:
        return {
            "delta_step": 0.0,
            "delta_time_ms": 0.0,
            "gain_bpb": 0.0,
            "gain_per_step": 0.0,
            "gain_per_second": 0.0,
            "recent_gain_per_step": 0.0,
            "recent_gain_per_second": 0.0,
        }
    prev = eval_history[-2]
    curr = eval_history[-1]
    delta_step = max(curr["step"] - prev["step"], 1.0)
    delta_time_ms = max(curr["train_time_ms"] - prev["train_time_ms"], 1.0)
    gain_bpb = prev["val_bpb"] - curr["val_bpb"]
    gain_per_step = gain_bpb / delta_step
    gain_per_second = 1000.0 * gain_bpb / delta_time_ms
    interval_rates = []
    for prev_point, curr_point in zip(eval_history, eval_history[1:]):
        local_delta_step = max(curr_point["step"] - prev_point["step"], 1.0)
        local_delta_time_ms = max(curr_point["train_time_ms"] - prev_point["train_time_ms"], 1.0)
        local_gain = prev_point["val_bpb"] - curr_point["val_bpb"]
        interval_rates.append((local_gain / local_delta_step, 1000.0 * local_gain / local_delta_time_ms))
    window = min(flatten_window, len(interval_rates))
    recent_gain_per_step = sum(rate for rate, _ in interval_rates[-window:]) / max(window, 1)
    recent_gain_per_second = sum(rate for _, rate in interval_rates[-window:]) / max(window, 1)
    return {
        "delta_step": delta_step,
        "delta_time_ms": delta_time_ms,
        "gain_bpb": gain_bpb,
        "gain_per_step": gain_per_step,
        "gain_per_second": gain_per_second,
        "recent_gain_per_step": recent_gain_per_step,
        "recent_gain_per_second": recent_gain_per_second,
    }


def init_ema_shadow(module: nn.Module) -> dict[str, Tensor]:
    return {name: param.detach().clone() for name, param in module.named_parameters()}


@torch.no_grad()
def update_ema_shadow(module: nn.Module, ema_shadow: dict[str, Tensor], decay: float) -> None:
    for name, param in module.named_parameters():
        ema_shadow[name].lerp_(param.detach(), 1.0 - decay)


@torch.no_grad()
def copy_params_to_cpu(module: nn.Module) -> dict[str, Tensor]:
    return {name: param.detach().cpu().clone() for name, param in module.named_parameters()}


@torch.no_grad()
def load_param_snapshot(module: nn.Module, snapshot: dict[str, Tensor]) -> None:
    for name, param in module.named_parameters():
        param.copy_(snapshot[name].to(device=param.device, dtype=param.dtype))


@torch.no_grad()
def load_ema_shadow(module: nn.Module, ema_shadow: dict[str, Tensor]) -> None:
    for name, param in module.named_parameters():
        param.copy_(ema_shadow[name].to(dtype=param.dtype))

# -----------------------------
# POST-TRAINING QUANTIZATION
# -----------------------------
#
# It's silly to export our model, which is trained in bf16 and fp32, at that same precision.
# Instead, we get approximately the same model (with a small hit) by quantizing the model to int8 & zlib compressing.
# We can then decompress the model and run in higher precision for evaluation, after closing in under the size limit.

CONTROL_TENSOR_NAME_PATTERNS = tuple(
    pattern
    for pattern in os.environ.get(
        "CONTROL_TENSOR_NAME_PATTERNS",
        "attn_scale,attn_scales,mlp_scale,mlp_scales,resid_mix,resid_mixes,q_gain,skip_weight,skip_weights",
    ).split(",")
    if pattern
)
INT8_KEEP_FLOAT_FP32_NAME_PATTERNS = tuple(
    pattern
    for pattern in os.environ.get(
        "INT8_KEEP_FLOAT_FP32_NAME_PATTERNS",
        ",".join(CONTROL_TENSOR_NAME_PATTERNS),
    ).split(",")
    if pattern
)
INT8_KEEP_FLOAT_MAX_NUMEL = 65_536
INT8_KEEP_FLOAT_STORE_DTYPE = torch.float16
INT8_PER_ROW_SCALE_DTYPE = torch.float16
INT8_CLIP_PERCENTILE = 99.99984
INT8_CLIP_Q = INT8_CLIP_PERCENTILE / 100.0

def tensor_nbytes(t: Tensor) -> int:
    return int(t.numel()) * int(t.element_size())

def keep_float_tensor(name: str, t: Tensor, passthrough_orig_dtypes: dict[str, str]) -> Tensor:
    if any(pattern in name for pattern in INT8_KEEP_FLOAT_FP32_NAME_PATTERNS):
        return t.float().contiguous()
    if t.dtype in {torch.float32, torch.bfloat16}:
        passthrough_orig_dtypes[name] = str(t.dtype).removeprefix("torch.")
        return t.to(dtype=INT8_KEEP_FLOAT_STORE_DTYPE).contiguous()
    return t

def quantize_float_tensor(t: Tensor) -> tuple[Tensor, Tensor]:
    t32 = t.float()
    if t32.ndim == 2:
        # Matrices get one scale per row, which usually tracks output-channel
        # ranges much better than a single tensor-wide scale.
        clip_abs = (
            torch.quantile(t32.abs(), INT8_CLIP_Q, dim=1)
            if t32.numel()
            else torch.empty((t32.shape[0],), dtype=torch.float32)
        )
        clipped = torch.maximum(torch.minimum(t32, clip_abs[:, None]), -clip_abs[:, None])
        scale = (clip_abs / 127.0).clamp_min(1.0 / 127.0)
        q = torch.clamp(torch.round(clipped / scale[:, None]), -127, 127).to(torch.int8).contiguous()
        return q, scale.to(dtype=INT8_PER_ROW_SCALE_DTYPE).contiguous()

    # Vectors / scalars use a simpler per-tensor scale.
    clip_abs = float(torch.quantile(t32.abs().flatten(), INT8_CLIP_Q).item()) if t32.numel() else 0.0
    scale = torch.tensor(clip_abs / 127.0 if clip_abs > 0 else 1.0, dtype=torch.float32)
    q = torch.clamp(torch.round(torch.clamp(t32, -clip_abs, clip_abs) / scale), -127, 127).to(torch.int8).contiguous()
    return q, scale

def quantize_state_dict_int8(state_dict: dict[str, Tensor]):
    # Single supported clean-script export format:
    # - per-row int8 for 2D float tensors
    # - per-tensor int8 for other float tensors
    # - exact passthrough for non-floats
    # - passthrough for small float tensors, stored as fp16 to save bytes
    quantized: dict[str, Tensor] = {}
    scales: dict[str, Tensor] = {}
    dtypes: dict[str, str] = {}
    passthrough: dict[str, Tensor] = {}
    passthrough_orig_dtypes: dict[str, str] = {}
    qmeta: dict[str, dict[str, object]] = {}
    stats = dict.fromkeys(
        ("param_count", "num_tensors", "num_float_tensors", "num_nonfloat_tensors", "baseline_tensor_bytes", "int8_payload_bytes"),
        0,
    )

    for name, tensor in state_dict.items():
        t = tensor.detach().to("cpu").contiguous()
        stats["param_count"] += int(t.numel())
        stats["num_tensors"] += 1
        stats["baseline_tensor_bytes"] += tensor_nbytes(t)

        if not t.is_floating_point():
            stats["num_nonfloat_tensors"] += 1
            passthrough[name] = t
            stats["int8_payload_bytes"] += tensor_nbytes(t)
            continue

        # Small float tensors are cheap enough to keep directly. We still downcast
        # fp32/bf16 passthrough tensors to fp16 so metadata does not dominate size.
        if t.numel() <= INT8_KEEP_FLOAT_MAX_NUMEL:
            kept = keep_float_tensor(name, t, passthrough_orig_dtypes)
            passthrough[name] = kept
            stats["int8_payload_bytes"] += tensor_nbytes(kept)
            continue

        stats["num_float_tensors"] += 1
        q, s = quantize_float_tensor(t)
        if s.ndim > 0:
            qmeta[name] = {"scheme": "per_row", "axis": 0}
        quantized[name] = q
        scales[name] = s
        dtypes[name] = str(t.dtype).removeprefix("torch.")
        stats["int8_payload_bytes"] += tensor_nbytes(q) + tensor_nbytes(s)

    obj: dict[str, object] = {
        "__quant_format__": "int8_clean_per_row_v1",
        "quantized": quantized,
        "scales": scales,
        "dtypes": dtypes,
        "passthrough": passthrough,
    }
    if qmeta:
        obj["qmeta"] = qmeta
    if passthrough_orig_dtypes:
        obj["passthrough_orig_dtypes"] = passthrough_orig_dtypes
    return obj, stats

def dequantize_state_dict_int8(obj: dict[str, object]) -> dict[str, Tensor]:
    out: dict[str, Tensor] = {}
    qmeta = obj.get("qmeta", {})
    passthrough_orig_dtypes = obj.get("passthrough_orig_dtypes", {})
    for name, q in obj["quantized"].items():
        dtype = getattr(torch, obj["dtypes"][name])
        s = obj["scales"][name]
        if qmeta.get(name, {}).get("scheme") == "per_row" or s.ndim > 0:
            s = s.to(dtype=torch.float32)
            # Broadcast the saved row scale back across trailing dimensions.
            out[name] = (q.float() * s.view(q.shape[0], *([1] * (q.ndim - 1)))).to(dtype=dtype).contiguous()
        else:
            scale = float(s.item())
            out[name] = (q.float() * scale).to(dtype=dtype).contiguous()
    for name, t in obj["passthrough"].items():
        # Restore small tensors, undoing the temporary fp16 storage cast if needed.
        out_t = t.detach().to("cpu").contiguous()
        orig_dtype = passthrough_orig_dtypes.get(name)
        if isinstance(orig_dtype, str):
            out_t = out_t.to(dtype=getattr(torch, orig_dtype)).contiguous()
        out[name] = out_t
    return out


# -----------------------------
# DATA LOADING 
# -----------------------------

def load_data_shard(file: Path) -> Tensor:
    header_bytes = 256 * np.dtype("<i4").itemsize
    token_bytes = np.dtype("<u2").itemsize
    header = np.fromfile(file, dtype="<i4", count=256)
    # SHARD HEADER INTS & SHARD_MAGIC
    if header.size != 256 or int(header[0]) != 20240520 or int(header[1]) != 1:
        raise ValueError(f"Unexpected shard header for {file}")
    num_tokens = int(header[2])
    expected_size = header_bytes + num_tokens * token_bytes
    if file.stat().st_size != expected_size:
        raise ValueError(f"Shard size mismatch for {file}: expected {expected_size} bytes")
    tokens_np = np.fromfile(file, dtype="<u2", count=num_tokens, offset=header_bytes)
    if tokens_np.size != num_tokens:
        raise ValueError(f"Short read for {file}")
    return torch.from_numpy(tokens_np.astype(np.uint16, copy=False))


class TokenStream:
    # Reads shards sequentially and wraps around forever. The training loop therefore
    # has deterministic, simple streaming behavior with no sampling or workers.
    def __init__(self, pattern: str):
        self.files = [Path(p) for p in sorted(glob.glob(pattern))]
        if not self.files:
            raise FileNotFoundError(f"No files found for pattern: {pattern}")
        self.file_idx = 0
        self.tokens = load_data_shard(self.files[0])
        self.pos = 0

    def _advance_file(self) -> None:
        self.file_idx = (self.file_idx + 1) % len(self.files)
        self.tokens = load_data_shard(self.files[self.file_idx])
        self.pos = 0

    def take(self, n: int) -> Tensor:
        chunks: list[Tensor] = []
        remaining = n
        while remaining > 0:
            avail = self.tokens.numel() - self.pos
            if avail <= 0:
                self._advance_file()
                continue
            k = min(remaining, avail)
            chunks.append(self.tokens[self.pos : self.pos + k])
            self.pos += k
            remaining -= k
        return chunks[0] if len(chunks) == 1 else torch.cat(chunks)


class DistributedTokenLoader:
    # Each call consumes a contiguous chunk from the shared token stream, then slices out
    # one disjoint span per rank. The extra "+1" token lets us build (x, y) by shifting.
    def __init__(self, pattern: str, rank: int, world_size: int, device: torch.device):
        self.rank = rank
        self.world_size = world_size
        self.device = device
        self.stream = TokenStream(pattern)

    def next_batch(self, global_tokens: int, seq_len: int, grad_accum_steps: int) -> tuple[Tensor, Tensor]:
        local_tokens = global_tokens // (self.world_size * grad_accum_steps)
        per_rank_span = local_tokens + 1
        chunk = self.stream.take(per_rank_span * self.world_size)
        start = self.rank * per_rank_span
        local = chunk[start : start + per_rank_span].to(dtype=torch.int64)
        x = local[:-1].reshape(-1, seq_len)
        y = local[1:].reshape(-1, seq_len)
        return x.to(self.device, non_blocking=True), y.to(self.device, non_blocking=True)

# -----------------------------
# TRANSFORMER MODULES
# -----------------------------

class RMSNorm(nn.Module):
    def __init__(self, eps: float | None = None):
        super().__init__()
        self.eps = eps

    def forward(self, x: Tensor) -> Tensor:
        return F.rms_norm(x, (x.size(-1),), eps=self.eps)


class CastedLinear(nn.Linear):
    # Keep weights in fp32 for optimizer/state quality, cast at matmul time for bf16 compute.
    def forward(self, x: Tensor) -> Tensor:
        bias = self.bias.to(x.dtype) if self.bias is not None else None
        weight = self.weight
        if _QAT_ACTIVE and weight.ndim == 2:
            max_abs = weight.detach().abs().amax(dim=1, keepdim=True).clamp_min(1.0 / 127.0)
            scale = max_abs / 127.0
            q = torch.clamp(torch.round(weight / scale), -127, 127)
            weight = weight + (q * scale - weight).detach()
        return F.linear(x, weight.to(x.dtype), bias)


def restore_low_dim_params_to_fp32(module: nn.Module) -> None:
    # Keep small/control parameters in fp32 even when the model body runs in bf16.
    with torch.no_grad():
        for name, param in module.named_parameters():
            if (param.ndim < 2 or any(pattern in name for pattern in CONTROL_TENSOR_NAME_PATTERNS)) and param.dtype != torch.float32:
                param.data = param.data.float()


class Rotary(nn.Module):
    # Caches cos/sin tables per sequence length on the current device.
    def __init__(self, dim: int, base: float = 10000.0):
        super().__init__()
        inv_freq = 1.0 / (base ** (torch.arange(0, dim, 2, dtype=torch.float32) / dim))
        self.register_buffer("inv_freq", inv_freq, persistent=False)
        self._seq_len_cached = 0
        self._cos_cached: Tensor | None = None
        self._sin_cached: Tensor | None = None

    def forward(self, seq_len: int, device: torch.device, dtype: torch.dtype) -> tuple[Tensor, Tensor]:
        if (
            self._cos_cached is None
            or self._sin_cached is None
            or self._seq_len_cached != seq_len
            or self._cos_cached.device != device
        ):
            t = torch.arange(seq_len, device=device, dtype=self.inv_freq.dtype)
            freqs = torch.outer(t, self.inv_freq.to(device))
            self._cos_cached = freqs.cos()[None, None, :, :]
            self._sin_cached = freqs.sin()[None, None, :, :]
            self._seq_len_cached = seq_len
        return self._cos_cached.to(dtype=dtype), self._sin_cached.to(dtype=dtype)


def apply_rotary_emb(x: Tensor, cos: Tensor, sin: Tensor) -> Tensor:
    half = x.size(-1) // 2
    x1, x2 = x[..., :half], x[..., half:]
    return torch.cat((x1 * cos + x2 * sin, x1 * (-sin) + x2 * cos), dim=-1)


class CausalSelfAttention(nn.Module):
    def __init__(
        self,
        dim: int,
        num_heads: int,
        num_kv_heads: int,
        rope_base: float,
        qk_gain_init: float,
    ):
        super().__init__()
        if dim % num_heads != 0:
            raise ValueError("model_dim must be divisible by num_heads")
        if num_heads % num_kv_heads != 0:
            raise ValueError("num_heads must be divisible by num_kv_heads")
        self.num_heads = num_heads
        self.num_kv_heads = num_kv_heads
        self.head_dim = dim // num_heads
        if self.head_dim % 2 != 0:
            raise ValueError("head_dim must be even for RoPE")
        kv_dim = self.num_kv_heads * self.head_dim
        self.c_q = CastedLinear(dim, dim, bias=False)
        self.c_k = CastedLinear(dim, kv_dim, bias=False)
        self.c_v = CastedLinear(dim, kv_dim, bias=False)
        self.proj = CastedLinear(dim, dim, bias=False)
        self.proj._zero_init = True
        self.q_gain = nn.Parameter(torch.full((num_heads,), qk_gain_init, dtype=torch.float32))
        self.rotary = Rotary(self.head_dim, base=rope_base)

    def forward(self, x: Tensor) -> Tensor:
        bsz, seqlen, dim = x.shape
        q = self.c_q(x).reshape(bsz, seqlen, self.num_heads, self.head_dim).transpose(1, 2)
        k = self.c_k(x).reshape(bsz, seqlen, self.num_kv_heads, self.head_dim).transpose(1, 2)
        v = self.c_v(x).reshape(bsz, seqlen, self.num_kv_heads, self.head_dim).transpose(1, 2)
        q = F.rms_norm(q, (q.size(-1),))
        k = F.rms_norm(k, (k.size(-1),))
        cos, sin = self.rotary(seqlen, x.device, q.dtype)
        q = apply_rotary_emb(q, cos, sin)
        k = apply_rotary_emb(k, cos, sin)
        q = q * self.q_gain.to(dtype=q.dtype)[None, :, None, None]
        y = F.scaled_dot_product_attention(
            q,
            k,
            v,
            attn_mask=None,
            is_causal=True,
            enable_gqa=(self.num_kv_heads != self.num_heads),
        )
        y = y.transpose(1, 2).contiguous().reshape(bsz, seqlen, dim)
        return self.proj(y)


class MLP(nn.Module):
    # relu^2 MLP from the original modded-nanogpt setup
    def __init__(self, dim: int, mlp_mult: int):
        super().__init__()
        hidden = mlp_mult * dim
        self.fc = CastedLinear(dim, hidden, bias=False)
        self.proj = CastedLinear(hidden, dim, bias=False)
        self.proj._zero_init = True

    def forward(self, x: Tensor) -> Tensor:
        x = torch.relu(self.fc(x))
        return self.proj(x.square())


class Block(nn.Module):
    def __init__(
        self,
        dim: int,
        num_heads: int,
        num_kv_heads: int,
        mlp_mult: int,
        rope_base: float,
        qk_gain_init: float,
    ):
        super().__init__()
        self.attn_norm = RMSNorm()
        self.mlp_norm = RMSNorm()
        self.attn = CausalSelfAttention(dim, num_heads, num_kv_heads, rope_base, qk_gain_init)
        self.mlp = MLP(dim, mlp_mult)
        self.attn_scale = nn.Parameter(torch.ones(dim, dtype=torch.float32))
        self.mlp_scale = nn.Parameter(torch.ones(dim, dtype=torch.float32))
        self.resid_mix = nn.Parameter(torch.stack((torch.ones(dim), torch.zeros(dim))).float())

    def forward(self, x: Tensor, x0: Tensor) -> Tensor:
        mix = self.resid_mix.to(dtype=x.dtype)
        x = mix[0][None, None, :] * x + mix[1][None, None, :] * x0
        attn_out = self.attn(self.attn_norm(x))
        x = x + self.attn_scale.to(dtype=x.dtype)[None, None, :] * attn_out
        x = x + self.mlp_scale.to(dtype=x.dtype)[None, None, :] * self.mlp(self.mlp_norm(x))
        return x


class GPT(nn.Module):
    def __init__(
        self,
        vocab_size: int,
        num_layers: int,
        model_dim: int,
        num_heads: int,
        num_kv_heads: int,
        mlp_mult: int,
        tie_embeddings: bool,
        tied_embed_init_std: float,
        logit_softcap: float,
        rope_base: float,
        qk_gain_init: float,
    ):
        super().__init__()
        if logit_softcap <= 0.0:
            raise ValueError(f"logit_softcap must be positive, got {logit_softcap}")
        self.tie_embeddings = tie_embeddings
        self.tied_embed_init_std = tied_embed_init_std
        self.logit_softcap = logit_softcap
        self.tok_emb = nn.Embedding(vocab_size, model_dim)
        self.n_recursive = num_layers
        self.shared_block = Block(model_dim, num_heads, num_kv_heads, mlp_mult, rope_base, qk_gain_init)
        self.step_embed = nn.Embedding(self.n_recursive, model_dim)
        self.final_norm = RMSNorm()
        self.lm_head = None if tie_embeddings else CastedLinear(model_dim, vocab_size, bias=False)
        if self.lm_head is not None:
            self.lm_head._zero_init = True
        self._init_weights()

    def _init_weights(self) -> None:
        if self.tie_embeddings:
            nn.init.normal_(self.tok_emb.weight, mean=0.0, std=self.tied_embed_init_std)
        for module in self.modules():
            if isinstance(module, nn.Linear) and getattr(module, "_zero_init", False):
                nn.init.zeros_(module.weight)

    def forward(self, input_ids: Tensor, target_ids: Tensor) -> Tensor:
        x = self.tok_emb(input_ids)
        x = F.rms_norm(x, (x.size(-1),))
        x0 = x

        for step in range(self.n_recursive):
            step_signal = self.step_embed(torch.tensor(step, device=x.device)).to(dtype=x.dtype)
            x = x + step_signal
            x = self.shared_block(x, x0)

        x = self.final_norm(x).reshape(-1, x.size(-1))
        targets = target_ids.reshape(-1)
        if self.tie_embeddings:
            logits_proj = F.linear(x, self.tok_emb.weight)
        else:
            if self.lm_head is None:
                raise RuntimeError("lm_head is required when tie_embeddings=False")
            logits_proj = self.lm_head(x)
        logits = self.logit_softcap * torch.tanh(logits_proj / self.logit_softcap)
        return F.cross_entropy(logits.float(), targets, reduction="mean")


# -----------------------------
# TRAINING
# -----------------------------

def main() -> None:
    global zeropower_via_newtonschulz5, _QAT_ACTIVE

    code = Path(__file__).read_text(encoding="utf-8")
    args = Hyperparameters()
    zeropower_via_newtonschulz5 = torch.compile(zeropower_via_newtonschulz5)
    _QAT_ACTIVE = False

    # -----------------------------
    # DISTRIBUTED + CUDA SETUP
    # -----------------------------

    distributed = "RANK" in os.environ and "WORLD_SIZE" in os.environ
    rank = int(os.environ.get("RANK", "0"))
    world_size = int(os.environ.get("WORLD_SIZE", "1"))
    local_rank = int(os.environ.get("LOCAL_RANK", "0"))
    if world_size <= 0:
        raise ValueError(f"WORLD_SIZE must be positive, got {world_size}")
    if 8 % world_size != 0:
        raise ValueError(f"WORLD_SIZE={world_size} must divide 8 so grad_accum_steps stays integral")
    grad_accum_steps = 8 // world_size
    grad_scale = 1.0 / grad_accum_steps
    if not torch.cuda.is_available():
        raise RuntimeError("CUDA is required")
    device = torch.device("cuda", local_rank)
    torch.cuda.set_device(device)
    if distributed:
        dist.init_process_group(backend="nccl", device_id=device)
        dist.barrier()
    master_process = rank == 0

    # Fast math knobs
    torch.backends.cuda.matmul.allow_tf32 = True
    torch.backends.cudnn.allow_tf32 = True
    from torch.backends.cuda import enable_cudnn_sdp, enable_flash_sdp, enable_math_sdp, enable_mem_efficient_sdp

    enable_cudnn_sdp(False)
    enable_flash_sdp(True)
    enable_mem_efficient_sdp(False)
    enable_math_sdp(False)

    logfile = None
    if master_process:
        os.makedirs("logs", exist_ok=True)
        logfile = f"logs/{args.run_id}.txt"
        print(logfile)

    def log0(msg: str, console: bool = True) -> None:
        if not master_process:
            return
        if console:
            print(msg)
        if logfile is not None:
            with open(logfile, "a", encoding="utf-8") as f:
                print(msg, file=f)

    log0(code, console=False)
    log0("=" * 100, console=False)
    log0(f"Running Python {sys.version}", console=False)
    log0(f"Running PyTorch {torch.__version__}", console=False)
    log0(
        subprocess.run(["nvidia-smi"], stdout=subprocess.PIPE, stderr=subprocess.PIPE, text=True, check=False).stdout,
        console=False,
    )
    log0("=" * 100, console=False)

    dense_band_center_step = args.adaptive_eval_band_center_step
    if args.adaptive_eval_enabled and dense_band_center_step <= 0 and args.adaptive_eval_history_path:
        dense_band_center_step = infer_dense_band_center(args.adaptive_eval_history_path)
    eval_history_path = os.path.join("logs", f"{args.run_id}_adaptive_eval.jsonl")
    eval_history_csv_path = os.path.join("logs", f"{args.run_id}_adaptive_eval.csv")
    flatten_step = 0
    stage_flatten_detected = False
    stage_eval_history: list[dict[str, float]] = []
    stage_names = ["base", "late_ema", "late_qat"]
    stage_index = 0
    if args.adaptive_eval_enabled:
        log0(
            f"adaptive_eval:enabled coarse_every:{args.val_loss_every} "
            f"dense_every:{args.adaptive_eval_dense_every} "
            f"band_center:{dense_band_center_step} band_radius:{args.adaptive_eval_band_radius_steps} "
            f"flatten_window:{args.adaptive_eval_flatten_window} "
            f"flatten_ratio:{args.adaptive_eval_flatten_ratio:.3f}"
        )
    if args.cascade_enabled:
        log0(f"cascade:enabled ema_decay:{args.ema_decay:.4f} qat_allowed:{int(args.qat_enabled)}")

    # -----------------------------
    # TOKENIZER + VALIDATION METRIC SETUP
    # -----------------------------

    random.seed(args.seed)
    np.random.seed(args.seed)
    torch.manual_seed(args.seed)
    torch.cuda.manual_seed_all(args.seed)

    if not args.tokenizer_path.endswith(".model"):
        raise ValueError(f"Script only setup for SentencePiece .model file: {args.tokenizer_path}")
    sp = spm.SentencePieceProcessor(model_file=args.tokenizer_path)
    if int(sp.vocab_size()) != args.vocab_size:
        raise ValueError(
            f"VOCAB_SIZE={args.vocab_size} does not match tokenizer vocab_size={int(sp.vocab_size())}"
        )
    dataset_dir = Path(args.data_path).resolve()
    actual_train_files = len(list(dataset_dir.glob("fineweb_train_*.bin")))
    val_tokens = load_validation_tokens(args.val_files, args.train_seq_len)
    base_bytes_lut, has_leading_space_lut, is_boundary_token_lut = build_sentencepiece_luts(
        sp, args.vocab_size, device
    )
    log0(f"val_bpb:enabled tokenizer_kind=sentencepiece tokenizer_path={args.tokenizer_path}")
    log0(f"train_loader:dataset:{dataset_dir.name} train_shards:{actual_train_files}")
    log0(f"val_loader:shards pattern={args.val_files} tokens:{val_tokens.numel() - 1}")

    # -----------------------------
    # MODEL + OPTIMIZER SETUP
    # -----------------------------

    base_model = GPT(
        vocab_size=args.vocab_size,
        num_layers=args.num_layers,
        model_dim=args.model_dim,
        num_heads=args.num_heads,
        num_kv_heads=args.num_kv_heads,
        mlp_mult=args.mlp_mult,
        tie_embeddings=args.tie_embeddings,
        tied_embed_init_std=args.tied_embed_init_std,
        logit_softcap=args.logit_softcap,
        rope_base=args.rope_base,
        qk_gain_init=args.qk_gain_init,
    ).to(device).bfloat16()
    for module in base_model.modules():
        if isinstance(module, CastedLinear):
            module.float()
    restore_low_dim_params_to_fp32(base_model)
    ema_shadow = init_ema_shadow(base_model) if args.cascade_enabled else None
    compiled_model = torch.compile(base_model, dynamic=False, fullgraph=True)
    model: nn.Module = DDP(compiled_model, device_ids=[local_rank], broadcast_buffers=False) if distributed else compiled_model

    # Optimizer split:
    # - token embedding (Adam) uses EMBED_LR
    # - untied lm_head (Adam) uses HEAD_LR
    # - matrix params in transformer blocks use MATRIX_LR via Muon
    # - vectors/scalars use SCALAR_LR via Adam
    block_named_params = list(base_model.shared_block.named_parameters())
    matrix_params = [
        p
        for name, p in block_named_params
        if p.ndim == 2 and not any(pattern in name for pattern in CONTROL_TENSOR_NAME_PATTERNS)
    ]
    scalar_params = [
        p
        for name, p in block_named_params
        if p.ndim < 2 or any(pattern in name for pattern in CONTROL_TENSOR_NAME_PATTERNS)
    ]
    scalar_params.append(base_model.step_embed.weight)
    token_lr = args.tied_embed_lr if args.tie_embeddings else args.embed_lr
    optimizer_tok = torch.optim.Adam(
        [{"params": [base_model.tok_emb.weight], "lr": token_lr, "base_lr": token_lr}],
        betas=(args.beta1, args.beta2),
        eps=args.adam_eps,
        fused=True,
    )
    optimizer_muon = Muon(
        matrix_params,
        lr=args.matrix_lr,
        momentum=args.muon_momentum,
        backend_steps=args.muon_backend_steps,
    )
    for group in optimizer_muon.param_groups:
        group["base_lr"] = args.matrix_lr
    optimizer_scalar = torch.optim.Adam(
        [{"params": scalar_params, "lr": args.scalar_lr, "base_lr": args.scalar_lr}],
        betas=(args.beta1, args.beta2),
        eps=args.adam_eps,
        fused=True,
    )
    optimizers: list[torch.optim.Optimizer] = [optimizer_tok, optimizer_muon, optimizer_scalar]
    if base_model.lm_head is not None:
        optimizer_head = torch.optim.Adam(
            [{"params": [base_model.lm_head.weight], "lr": args.head_lr, "base_lr": args.head_lr}],
            betas=(args.beta1, args.beta2),
            eps=args.adam_eps,
            fused=True,
        )
        optimizers.insert(1, optimizer_head)

    n_params = sum(p.numel() for p in base_model.parameters())
    log0(f"model_params:{n_params}")
    log0(f"world_size:{world_size} grad_accum_steps:{grad_accum_steps}")
    log0("sdp_backends:cudnn=False flash=True mem_efficient=False math=False")
    log0(f"attention_mode:gqa num_heads:{args.num_heads} num_kv_heads:{args.num_kv_heads}")
    log0(
        f"tie_embeddings:{args.tie_embeddings} embed_lr:{token_lr} "
        f"head_lr:{args.head_lr if base_model.lm_head is not None else 0.0} "
        f"matrix_lr:{args.matrix_lr} scalar_lr:{args.scalar_lr}"
    )
    log0(
        f"train_batch_tokens:{args.train_batch_tokens} train_seq_len:{args.train_seq_len} "
        f"iterations:{args.iterations} warmup_steps:{args.warmup_steps} "
        f"max_wallclock_seconds:{args.max_wallclock_seconds:.3f}"
    )
    log0(f"seed:{args.seed}")

    # -----------------------------
    # DATA LOADER & MODEL WARMUP
    # -----------------------------

    train_loader = DistributedTokenLoader(args.train_files, rank, world_size, device)

    def zero_grad_all() -> None:
        for opt in optimizers:
            opt.zero_grad(set_to_none=True)

    max_wallclock_ms = 1000.0 * args.max_wallclock_seconds if args.max_wallclock_seconds > 0 else None

    def lr_mul(step: int, elapsed_ms: float) -> float:
        if args.warmdown_iters <= 0:
            return 1.0
        if max_wallclock_ms is None:
            warmdown_start = max(args.iterations - args.warmdown_iters, 0)
            return max((args.iterations - step) / max(args.warmdown_iters, 1), 0.0) if warmdown_start <= step < args.iterations else 1.0
        step_ms = elapsed_ms / max(step, 1)
        warmdown_ms = args.warmdown_iters * step_ms
        remaining_ms = max(max_wallclock_ms - elapsed_ms, 0.0)
        return remaining_ms / max(warmdown_ms, 1e-9) if remaining_ms <= warmdown_ms else 1.0

    # Warmup primes the compiled forward/backward/optimizer paths, then we restore the
    # initial weights/optimizer state so measured training starts from the true init.
    if args.warmup_steps > 0:
        initial_model_state = {name: tensor.detach().cpu().clone() for name, tensor in base_model.state_dict().items()}
        initial_optimizer_states = [copy.deepcopy(opt.state_dict()) for opt in optimizers]
        model.train()
        for warmup_step in range(args.warmup_steps):
            zero_grad_all()
            for micro_step in range(grad_accum_steps):
                if distributed:
                    model.require_backward_grad_sync = micro_step == grad_accum_steps - 1
                x, y = train_loader.next_batch(args.train_batch_tokens, args.train_seq_len, grad_accum_steps)
                with torch.autocast(device_type="cuda", dtype=torch.bfloat16, enabled=True):
                    warmup_loss = model(x, y)
                (warmup_loss * grad_scale).backward()
            for opt in optimizers:
                opt.step()
            zero_grad_all()
            if args.warmup_steps <= 20 or (warmup_step + 1) % 10 == 0 or warmup_step + 1 == args.warmup_steps:
                log0(f"warmup_step:{warmup_step + 1}/{args.warmup_steps}")
        base_model.load_state_dict(initial_model_state, strict=True)
        for opt, state in zip(optimizers, initial_optimizer_states, strict=True):
            opt.load_state_dict(state)
        zero_grad_all()
        if distributed:
            model.require_backward_grad_sync = True
        train_loader = DistributedTokenLoader(args.train_files, rank, world_size, device)

    # -----------------------------
    # MAIN TRAINING LOOP
    # -----------------------------

    training_time_ms = 0.0
    stop_after_step: int | None = None
    interrupted = False
    torch.cuda.synchronize()
    t0 = time.perf_counter()

    step = 0
    try:
        while True:
            last_step = step == args.iterations or (stop_after_step is not None and step >= stop_after_step)

            should_validate = should_run_validation(args, step, last_step, dense_band_center_step)
            if should_validate:
                torch.cuda.synchronize()
                training_time_ms += 1000.0 * (time.perf_counter() - t0)
                eval_model_cpu_snapshot = None
                if args.cascade_enabled and ema_shadow is not None and stage_index >= 1:
                    eval_model_cpu_snapshot = copy_params_to_cpu(base_model)
                    load_ema_shadow(base_model, ema_shadow)
                val_loss, val_bpb = eval_val(
                    args,
                    model,
                    rank,
                    world_size,
                    device,
                    grad_accum_steps,
                    val_tokens,
                    base_bytes_lut,
                    has_leading_space_lut,
                    is_boundary_token_lut,
                )
                if eval_model_cpu_snapshot is not None:
                    load_param_snapshot(base_model, eval_model_cpu_snapshot)
                log0(
                    f"step:{step}/{args.iterations} val_loss:{val_loss:.4f} val_bpb:{val_bpb:.4f} "
                    f"train_time:{training_time_ms:.0f}ms step_avg:{training_time_ms / max(step, 1):.2f}ms "
                    f"stage:{stage_names[stage_index]}"
                )
                if args.adaptive_eval_enabled:
                    stage_eval_history.append(
                        {
                            "step": float(step),
                            "train_time_ms": float(training_time_ms),
                            "val_bpb": float(val_bpb),
                        }
                    )
                    remaining_fraction = 1.0
                    if max_wallclock_ms is not None and max_wallclock_ms > 0:
                        remaining_fraction = max(max_wallclock_ms - training_time_ms, 0.0) / max_wallclock_ms
                    switch_triggered = False
                    if (
                        not stage_flatten_detected
                        and remaining_fraction >= args.adaptive_eval_min_remaining_fraction
                        and detect_flattening(
                            stage_eval_history,
                            args.adaptive_eval_flatten_window,
                            args.adaptive_eval_flatten_ratio,
                        )
                    ):
                        flatten_step = step
                        stage_flatten_detected = True
                        log0(
                            f"adaptive_eval:flatten_detected step:{flatten_step} "
                            f"remaining_fraction:{remaining_fraction:.3f} stage:{stage_names[stage_index]}"
                        )
                        if args.cascade_enabled and stage_index == 0:
                            ema_shadow = init_ema_shadow(base_model)
                            stage_index = 1
                            stage_eval_history.clear()
                            stage_flatten_detected = False
                            log0(f"cascade:switch step:{step} new_stage:{stage_names[stage_index]}")
                            switch_triggered = True
                        elif args.cascade_enabled and args.qat_enabled and stage_index == 1:
                            stage_index = 2
                            stage_eval_history.clear()
                            stage_flatten_detected = False
                            _QAT_ACTIVE = True
                            log0(f"cascade:switch step:{step} new_stage:{stage_names[stage_index]}")
                            switch_triggered = True
                    if master_process:
                        slope_summary = summarize_gain_rates(stage_eval_history, args.adaptive_eval_flatten_window)
                        eval_record = {
                            "run_id": args.run_id,
                            "step": step,
                            "train_time_ms": round(training_time_ms, 3),
                            "val_loss": round(val_loss, 8),
                            "val_bpb": round(val_bpb, 8),
                            "step_avg_ms": round(training_time_ms / max(step, 1), 4),
                            "dense_band_center_step": dense_band_center_step,
                            "flatten_step": flatten_step,
                            "stage": stage_names[stage_index],
                            "switch_triggered": switch_triggered,
                            **{k: round(v, 8) for k, v in slope_summary.items()},
                        }
                        append_jsonl(eval_history_path, eval_record)
                        append_csv_row(eval_history_csv_path, eval_record)
                torch.cuda.synchronize()
                t0 = time.perf_counter()

            if last_step:
                if stop_after_step is not None and step < args.iterations:
                    log0(
                        f"stopping_early: wallclock_cap train_time:{training_time_ms:.0f}ms "
                        f"step:{step}/{args.iterations}"
                    )
                break

            elapsed_ms = training_time_ms + 1000.0 * (time.perf_counter() - t0)
            scale = lr_mul(step, elapsed_ms)
            zero_grad_all()
            train_loss = torch.zeros((), device=device)
            for micro_step in range(grad_accum_steps):
                if distributed:
                    model.require_backward_grad_sync = micro_step == grad_accum_steps - 1
                x, y = train_loader.next_batch(args.train_batch_tokens, args.train_seq_len, grad_accum_steps)
                with torch.autocast(device_type="cuda", dtype=torch.bfloat16, enabled=True):
                    loss = model(x, y)
                train_loss += loss.detach()
                (loss * grad_scale).backward()
            train_loss /= grad_accum_steps

            frac = min(step / args.muon_momentum_warmup_steps, 1.0) if args.muon_momentum_warmup_steps > 0 else 1.0
            muon_momentum = (1 - frac) * args.muon_momentum_warmup_start + frac * args.muon_momentum
            for group in optimizer_muon.param_groups:
                group["momentum"] = muon_momentum

            for opt in optimizers:
                for group in opt.param_groups:
                    group["lr"] = group["base_lr"] * scale

            if args.grad_clip_norm > 0:
                torch.nn.utils.clip_grad_norm_(base_model.parameters(), args.grad_clip_norm)
            for opt in optimizers:
                opt.step()
            zero_grad_all()
            if args.cascade_enabled and ema_shadow is not None and stage_index >= 1:
                update_ema_shadow(base_model, ema_shadow, args.ema_decay)

            step += 1
            approx_training_time_ms = training_time_ms + 1000.0 * (time.perf_counter() - t0)
            should_log_train = (
                args.train_log_every > 0
                and (step <= 10 or step % args.train_log_every == 0 or stop_after_step is not None)
            )
            if should_log_train:
                log0(
                    f"step:{step}/{args.iterations} train_loss:{train_loss.item():.4f} "
                    f"train_time:{approx_training_time_ms:.0f}ms step_avg:{approx_training_time_ms / step:.2f}ms"
                )

            # Needed to sync whether we've reached the wallclock cap.
            reached_cap = max_wallclock_ms is not None and approx_training_time_ms >= max_wallclock_ms
            if distributed and max_wallclock_ms is not None:
                reached_cap_tensor = torch.tensor(int(reached_cap), device=device)
                dist.all_reduce(reached_cap_tensor, op=dist.ReduceOp.MAX)
                reached_cap = bool(reached_cap_tensor.item())
            if stop_after_step is None and reached_cap:
                stop_after_step = step
    except KeyboardInterrupt:
        interrupted = True
        torch.cuda.synchronize()
        training_time_ms += 1000.0 * (time.perf_counter() - t0)
        log0(f"interrupted:step:{step} train_time:{training_time_ms:.0f}ms stage:{stage_names[stage_index]}")

    log0(
        f"peak memory allocated: {torch.cuda.max_memory_allocated() // 1024 // 1024} MiB "
        f"reserved: {torch.cuda.max_memory_reserved() // 1024 // 1024} MiB"
    )

    if args.adaptive_eval_enabled and master_process:
        run_end_record = {
            "run_id": args.run_id,
            "event": "run_end",
            "step": step,
            "train_time_ms": round(training_time_ms, 3),
            "stage": stage_names[stage_index],
            "interrupted": interrupted,
        }
        append_jsonl(eval_history_path, run_end_record)

    if interrupted:
        if distributed:
            dist.destroy_process_group()
        return

    # -----------------------------
    # SERIALIZATION + ROUNDTRIP VALIDATION
    # -----------------------------
    # Save the raw state (useful for debugging/loading in PyTorch directly), then always produce
    # the compressed int8+zlib artifact and validate the round-tripped weights.

    if args.cascade_enabled and ema_shadow is not None and stage_index >= 1:
        load_ema_shadow(base_model, ema_shadow)
        log0(f"cascade:final_eval_using_stage:{stage_names[stage_index]}")

    if master_process:
        torch.save(base_model.state_dict(), "final_model.pt")
        model_bytes = os.path.getsize("final_model.pt")
        code_bytes = len(code.encode("utf-8"))
        log0(f"Serialized model: {model_bytes} bytes")
        log0(f"Code size: {code_bytes} bytes")
        log0(f"Total submission size: {model_bytes + code_bytes} bytes")

    quant_obj, quant_stats = quantize_state_dict_int8(base_model.state_dict())
    quant_buf = io.BytesIO()
    torch.save(quant_obj, quant_buf)
    quant_raw = quant_buf.getvalue()
    quant_blob = zlib.compress(quant_raw, level=9)
    quant_raw_bytes = len(quant_raw)
    if master_process:
        with open("final_model.int8.ptz", "wb") as f:
            f.write(quant_blob)
        quant_file_bytes = os.path.getsize("final_model.int8.ptz")
        code_bytes = len(code.encode("utf-8"))
        ratio = quant_stats["baseline_tensor_bytes"] / max(quant_stats["int8_payload_bytes"], 1)
        log0(
            f"Serialized model int8+zlib: {quant_file_bytes} bytes "
            f"(payload:{quant_stats['int8_payload_bytes']} raw_torch:{quant_raw_bytes} payload_ratio:{ratio:.2f}x)"
        )
        log0(f"Total submission size int8+zlib: {quant_file_bytes + code_bytes} bytes")

    if distributed:
        dist.barrier()
    with open("final_model.int8.ptz", "rb") as f:
        quant_blob_disk = f.read()
    quant_state = torch.load(io.BytesIO(zlib.decompress(quant_blob_disk)), map_location="cpu")
    base_model.load_state_dict(dequantize_state_dict_int8(quant_state), strict=True)
    torch.cuda.synchronize()
    t_qeval = time.perf_counter()
    q_val_loss, q_val_bpb = eval_val(
        args,
        model,
        rank,
        world_size,
        device,
        grad_accum_steps,
        val_tokens,
        base_bytes_lut,
        has_leading_space_lut,
        is_boundary_token_lut,
    )
    torch.cuda.synchronize()
    log0(
        f"final_int8_zlib_roundtrip val_loss:{q_val_loss:.4f} val_bpb:{q_val_bpb:.4f} "
        f"eval_time:{1000.0 * (time.perf_counter() - t_qeval):.0f}ms"
    )
    log0(f"final_int8_zlib_roundtrip_exact val_loss:{q_val_loss:.8f} val_bpb:{q_val_bpb:.8f}")

    if distributed:
        dist.destroy_process_group()


if __name__ == "__main__":
    main()

====================================================================================================
Running Python 3.12.3 (main, Nov  6 2025, 13:44:16) [GCC 13.3.0]
Running PyTorch 2.9.1+cu128
Sat Apr 11 17:14:42 2026       
+-----------------------------------------------------------------------------------------+
| NVIDIA-SMI 590.48.01              Driver Version: 590.48.01      CUDA Version: 13.1     |
+-----------------------------------------+------------------------+----------------------+
| GPU  Name                 Persistence-M | Bus-Id          Disp.A | Volatile Uncorr. ECC |
| Fan  Temp   Perf          Pwr:Usage/Cap |           Memory-Usage | GPU-Util  Compute M. |
|                                         |                        |               MIG M. |
|=========================================+========================+======================|
|   0  NVIDIA RTX 5000 Ada Gene...    On  |   00000000:01:00.0 Off |                  Off |
| 30%   29C    P2             28W /  250W |     496MiB /  32760MiB |      8%      Default |
|                                         |                        |                  N/A |
+-----------------------------------------+------------------------+----------------------+
|   1  NVIDIA RTX 5000 Ada Gene...    On  |   00000000:41:00.0 Off |                  Off |
| 30%   27C    P2             22W /  250W |     496MiB /  32760MiB |      0%      Default |
|                                         |                        |                  N/A |
+-----------------------------------------+------------------------+----------------------+
|   2  NVIDIA RTX 5000 Ada Gene...    On  |   00000000:81:00.0 Off |                  Off |
| 30%   28C    P2             18W /  250W |     496MiB /  32760MiB |      1%      Default |
|                                         |                        |                  N/A |
+-----------------------------------------+------------------------+----------------------+
|   3  NVIDIA RTX 5000 Ada Gene...    On  |   00000000:C1:00.0 Off |                  Off |
| 30%   28C    P2             25W /  250W |     496MiB /  32760MiB |      4%      Default |
|                                         |                        |                  N/A |
+-----------------------------------------+------------------------+----------------------+

+-----------------------------------------------------------------------------------------+
| Processes:                                                                              |
|  GPU   GI   CI              PID   Type   Process name                        GPU Memory |
|        ID   ID                                                               Usage      |
|=========================================================================================|
|  No running processes found                                                             |
+-----------------------------------------------------------------------------------------+

====================================================================================================
adaptive_eval:enabled coarse_every:500 dense_every:100 band_center:2500 band_radius:750 flatten_window:3 flatten_ratio:0.350
cascade:enabled ema_decay:0.9970 qat_allowed:1
val_bpb:enabled tokenizer_kind=sentencepiece tokenizer_path=./data/tokenizers/fineweb_1024_bpe.model
train_loader:dataset:fineweb10B_sp1024 train_shards:1
val_loader:shards pattern=./data/datasets/fineweb10B_sp1024/fineweb_val_*.bin tokens:62021632
model_params:2365960
world_size:4 grad_accum_steps:2
sdp_backends:cudnn=False flash=True mem_efficient=False math=False
attention_mode:gqa num_heads:8 num_kv_heads:4
tie_embeddings:True embed_lr:0.05 head_lr:0.0 matrix_lr:0.04 scalar_lr:0.04
train_batch_tokens:524288 train_seq_len:1024 iterations:5000 warmup_steps:20 max_wallclock_seconds:0.000
seed:1337
warmup_step:1/20
warmup_step:2/20
warmup_step:3/20
warmup_step:4/20
warmup_step:5/20
warmup_step:6/20
warmup_step:7/20
warmup_step:8/20
warmup_step:9/20
warmup_step:10/20
warmup_step:11/20
warmup_step:12/20
warmup_step:13/20
warmup_step:14/20
warmup_step:15/20
warmup_step:16/20
warmup_step:17/20
warmup_step:18/20
warmup_step:19/20
warmup_step:20/20
step:0/5000 val_loss:6.9327 val_bpb:4.1059 train_time:0ms step_avg:0.02ms stage:base
step:1/5000 train_loss:6.9341 train_time:88ms step_avg:87.84ms
step:2/5000 train_loss:13.4512 train_time:399ms step_avg:199.56ms
step:3/5000 train_loss:15.7411 train_time:711ms step_avg:237.01ms
step:4/5000 train_loss:12.7565 train_time:1023ms step_avg:255.79ms
step:5/5000 train_loss:10.1468 train_time:1336ms step_avg:267.14ms
step:6/5000 train_loss:8.7749 train_time:1648ms step_avg:274.68ms
step:7/5000 train_loss:7.8870 train_time:1960ms step_avg:280.06ms
step:8/5000 train_loss:7.7641 train_time:2273ms step_avg:284.16ms
step:9/5000 train_loss:7.5235 train_time:2586ms step_avg:287.28ms
step:10/5000 train_loss:7.1438 train_time:2898ms step_avg:289.78ms
step:100/5000 train_loss:3.7550 train_time:31073ms step_avg:310.73ms
step:200/5000 train_loss:3.1698 train_time:62469ms step_avg:312.34ms
step:300/5000 train_loss:2.9674 train_time:93874ms step_avg:312.91ms
step:400/5000 train_loss:2.8466 train_time:125272ms step_avg:313.18ms
step:500/5000 train_loss:2.8253 train_time:156676ms step_avg:313.35ms
step:500/5000 val_loss:2.8122 val_bpb:1.6655 train_time:156907ms step_avg:313.81ms stage:base
step:600/5000 train_loss:2.7476 train_time:188074ms step_avg:313.46ms
step:700/5000 train_loss:2.6928 train_time:219474ms step_avg:313.53ms
step:800/5000 train_loss:2.6056 train_time:250874ms step_avg:313.59ms
step:900/5000 train_loss:2.6402 train_time:282272ms step_avg:313.64ms
step:1000/5000 train_loss:3.0352 train_time:313666ms step_avg:313.67ms
step:1000/5000 val_loss:2.6740 val_bpb:1.5837 train_time:313898ms step_avg:313.90ms stage:base
step:1100/5000 train_loss:2.5739 train_time:345068ms step_avg:313.70ms
step:1200/5000 train_loss:2.5511 train_time:376471ms step_avg:313.73ms
step:1300/5000 train_loss:2.6080 train_time:407870ms step_avg:313.75ms
step:1400/5000 train_loss:2.6166 train_time:439272ms step_avg:313.77ms
step:1500/5000 train_loss:2.6532 train_time:470675ms step_avg:313.78ms
step:1500/5000 val_loss:2.6287 val_bpb:1.5568 train_time:470907ms step_avg:313.94ms stage:base
step:1600/5000 train_loss:2.6546 train_time:502080ms step_avg:313.80ms
step:1700/5000 train_loss:2.5842 train_time:533480ms step_avg:313.81ms
step:1800/5000 train_loss:2.5759 train_time:564881ms step_avg:313.82ms
step:1800/5000 val_loss:2.6045 val_bpb:1.5426 train_time:565113ms step_avg:313.95ms stage:base
adaptive_eval:flatten_detected step:1800 remaining_fraction:1.000 stage:base
cascade:switch step:1800 new_stage:late_ema
step:1900/5000 train_loss:2.6433 train_time:596282ms step_avg:313.83ms
step:1900/5000 val_loss:2.5839 val_bpb:1.5303 train_time:596511ms step_avg:313.95ms stage:late_ema
step:2000/5000 train_loss:2.6294 train_time:627675ms step_avg:313.84ms
step:2000/5000 val_loss:2.5724 val_bpb:1.5235 train_time:627904ms step_avg:313.95ms stage:late_ema
step:2100/5000 train_loss:2.5807 train_time:659061ms step_avg:313.84ms
step:2100/5000 val_loss:2.5647 val_bpb:1.5190 train_time:659290ms step_avg:313.95ms stage:late_ema
step:2200/5000 train_loss:2.4440 train_time:690448ms step_avg:313.84ms
step:2200/5000 val_loss:2.5612 val_bpb:1.5169 train_time:690677ms step_avg:313.94ms stage:late_ema
step:2300/5000 train_loss:2.4954 train_time:721840ms step_avg:313.84ms
step:2300/5000 val_loss:2.5592 val_bpb:1.5157 train_time:722069ms step_avg:313.94ms stage:late_ema
step:2400/5000 train_loss:2.5435 train_time:753232ms step_avg:313.85ms
step:2400/5000 val_loss:2.5595 val_bpb:1.5159 train_time:753461ms step_avg:313.94ms stage:late_ema
adaptive_eval:flatten_detected step:2400 remaining_fraction:1.000 stage:late_ema
cascade:switch step:2400 new_stage:late_qat
step:2500/5000 train_loss:2.5935 train_time:843033ms step_avg:337.21ms
step:2500/5000 val_loss:2.5620 val_bpb:1.5174 train_time:843217ms step_avg:337.29ms stage:late_qat
step:2600/5000 train_loss:2.5723 train_time:875860ms step_avg:336.87ms
step:2600/5000 val_loss:2.5647 val_bpb:1.5189 train_time:876043ms step_avg:336.94ms stage:late_qat
step:2700/5000 train_loss:2.6541 train_time:908770ms step_avg:336.58ms
step:2700/5000 val_loss:2.5685 val_bpb:1.5212 train_time:908954ms step_avg:336.65ms stage:late_qat
step:2800/5000 train_loss:2.6677 train_time:941697ms step_avg:336.32ms
step:2800/5000 val_loss:2.5731 val_bpb:1.5239 train_time:941881ms step_avg:336.39ms stage:late_qat
step:2900/5000 train_loss:2.5352 train_time:974629ms step_avg:336.08ms
step:2900/5000 val_loss:2.5786 val_bpb:1.5272 train_time:974812ms step_avg:336.14ms stage:late_qat
step:3000/5000 train_loss:2.5606 train_time:1007565ms step_avg:335.86ms
step:3000/5000 val_loss:2.5848 val_bpb:1.5309 train_time:1007749ms step_avg:335.92ms stage:late_qat
step:3100/5000 train_loss:2.5620 train_time:1040506ms step_avg:335.65ms
step:3100/5000 val_loss:2.5922 val_bpb:1.5352 train_time:1040690ms step_avg:335.71ms stage:late_qat
step:3200/5000 train_loss:2.5067 train_time:1073445ms step_avg:335.45ms
step:3200/5000 val_loss:2.5997 val_bpb:1.5397 train_time:1073630ms step_avg:335.51ms stage:late_qat
step:3300/5000 train_loss:2.5101 train_time:1106389ms step_avg:335.27ms
step:3400/5000 train_loss:2.4957 train_time:1139332ms step_avg:335.10ms
step:3500/5000 train_loss:2.4797 train_time:1172275ms step_avg:334.94ms
step:3500/5000 val_loss:2.6253 val_bpb:1.5548 train_time:1172459ms step_avg:334.99ms stage:late_qat
step:3600/5000 train_loss:2.5906 train_time:1205217ms step_avg:334.78ms
step:3700/5000 train_loss:2.5979 train_time:1238160ms step_avg:334.64ms
step:3800/5000 train_loss:2.4824 train_time:1271103ms step_avg:334.50ms
step:3900/5000 train_loss:2.4796 train_time:1304047ms step_avg:334.37ms
step:4000/5000 train_loss:2.5493 train_time:1336990ms step_avg:334.25ms
step:4000/5000 val_loss:2.6755 val_bpb:1.5846 train_time:1337174ms step_avg:334.29ms stage:late_qat
step:4100/5000 train_loss:2.4542 train_time:1369929ms step_avg:334.13ms
step:4200/5000 train_loss:2.5236 train_time:1402872ms step_avg:334.02ms
step:4300/5000 train_loss:2.6303 train_time:1435817ms step_avg:333.91ms
step:4400/5000 train_loss:2.4691 train_time:1468762ms step_avg:333.81ms
step:4500/5000 train_loss:2.4288 train_time:1501706ms step_avg:333.71ms
step:4500/5000 val_loss:2.7471 val_bpb:1.6270 train_time:1501889ms step_avg:333.75ms stage:late_qat
step:4600/5000 train_loss:2.5145 train_time:1534652ms step_avg:333.62ms
step:4700/5000 train_loss:2.4899 train_time:1567599ms step_avg:333.53ms
step:4800/5000 train_loss:2.4065 train_time:1600545ms step_avg:333.45ms
step:4900/5000 train_loss:2.6026 train_time:1633489ms step_avg:333.37ms
step:5000/5000 train_loss:2.4453 train_time:1666434ms step_avg:333.29ms
step:5000/5000 val_loss:2.8292 val_bpb:1.6756 train_time:1666617ms step_avg:333.32ms stage:late_qat
peak memory allocated: 10201 MiB reserved: 10482 MiB
cascade:final_eval_using_stage:late_qat
Serialized model: 8411463 bytes
Code size: 60035 bytes
Total submission size: 8471498 bytes
Serialized model int8+zlib: 2149971 bytes (payload:2384928 raw_torch:2391146 payload_ratio:3.52x)
Total submission size int8+zlib: 2210006 bytes
final_int8_zlib_roundtrip val_loss:2.8384 val_bpb:1.6810 eval_time:10971ms
final_int8_zlib_roundtrip_exact val_loss:2.83837742 val_bpb:1.68104699
