logs/adaptive_cascade_smoke_a4000_20260411-115206.txt
adaptive_eval:enabled coarse_every:50 dense_every:25 band_center:100 band_radius:50 flatten_window:2 flatten_ratio:0.500
cascade:enabled ema_decay:0.9970 qat_allowed:1
val_bpb:enabled tokenizer_kind=sentencepiece tokenizer_path=./data/tokenizers/fineweb_1024_bpe.model
train_loader:dataset:fineweb10B_sp1024 train_shards:1
val_loader:shards pattern=./data/datasets/fineweb10B_sp1024/fineweb_val_*.bin tokens:62021632
model_params:2365960
world_size:1 grad_accum_steps:8
sdp_backends:cudnn=False flash=True mem_efficient=False math=False
attention_mode:gqa num_heads:8 num_kv_heads:4
tie_embeddings:True embed_lr:0.05 head_lr:0.0 matrix_lr:0.04 scalar_lr:0.04
train_batch_tokens:32768 train_seq_len:1024 iterations:200 warmup_steps:20 max_wallclock_seconds:0.000
seed:1337
warmup_step:1/20
warmup_step:2/20
warmup_step:3/20
warmup_step:4/20
warmup_step:5/20
warmup_step:6/20
warmup_step:7/20
warmup_step:8/20
warmup_step:9/20
warmup_step:10/20
warmup_step:11/20
warmup_step:12/20
warmup_step:13/20
warmup_step:14/20
warmup_step:15/20
warmup_step:16/20
warmup_step:17/20
warmup_step:18/20
warmup_step:19/20
warmup_step:20/20
step:0/200 val_loss:6.9327 val_bpb:4.1059 train_time:0ms step_avg:0.02ms stage:base
step:1/200 train_loss:6.9314 train_time:148ms step_avg:148.29ms
step:2/200 train_loss:6.9670 train_time:323ms step_avg:161.39ms
step:3/200 train_loss:7.3852 train_time:502ms step_avg:167.20ms
step:4/200 train_loss:7.2557 train_time:681ms step_avg:170.34ms
step:5/200 train_loss:6.4955 train_time:862ms step_avg:172.48ms
step:6/200 train_loss:6.3943 train_time:1042ms step_avg:173.73ms
step:7/200 train_loss:6.1900 train_time:1221ms step_avg:174.43ms
step:8/200 train_loss:6.0276 train_time:1400ms step_avg:174.97ms
step:9/200 train_loss:5.9431 train_time:1578ms step_avg:175.36ms
step:10/200 train_loss:5.9020 train_time:1758ms step_avg:175.84ms
step:20/200 train_loss:5.4534 train_time:3547ms step_avg:177.36ms
step:40/200 train_loss:4.8869 train_time:7123ms step_avg:178.07ms
step:50/200 val_loss:4.6798 val_bpb:2.7717 train_time:8940ms step_avg:178.81ms stage:base
step:60/200 train_loss:4.6858 train_time:10709ms step_avg:178.49ms
step:75/200 val_loss:4.4476 val_bpb:2.6341 train_time:13424ms step_avg:178.98ms stage:base
step:80/200 train_loss:4.3406 train_time:14295ms step_avg:178.69ms
step:100/200 train_loss:4.3703 train_time:17867ms step_avg:178.67ms
step:100/200 val_loss:4.3105 val_bpb:2.5529 train_time:17896ms step_avg:178.96ms stage:base
adaptive_eval:flatten_detected step:100 remaining_fraction:1.000 stage:base
cascade:switch step:100 new_stage:late_ema
step:120/200 train_loss:4.2292 train_time:21458ms step_avg:178.81ms
step:125/200 val_loss:6.4719 val_bpb:3.8330 train_time:22381ms step_avg:179.04ms stage:late_ema
step:140/200 train_loss:4.0187 train_time:25045ms step_avg:178.89ms
step:150/200 val_loss:6.2246 val_bpb:3.6865 train_time:26864ms step_avg:179.09ms stage:late_ema
step:160/200 train_loss:4.0290 train_time:28632ms step_avg:178.95ms
step:180/200 train_loss:3.8410 train_time:32213ms step_avg:178.96ms
step:200/200 train_loss:4.0330 train_time:35793ms step_avg:178.97ms
step:200/200 val_loss:5.9749 val_bpb:3.5387 train_time:35821ms step_avg:179.11ms stage:late_ema
peak memory allocated: 705 MiB reserved: 722 MiB
cascade:final_eval_using_stage:late_ema
Serialized model: 8411463 bytes
Code size: 59787 bytes
Total submission size: 8471250 bytes
Serialized model int8+zlib: 790652 bytes (payload:2384928 raw_torch:2391146 payload_ratio:3.52x)
Total submission size int8+zlib: 850439 bytes
final_int8_zlib_roundtrip val_loss:6.0465 val_bpb:3.5811 eval_time:214501ms
final_int8_zlib_roundtrip_exact val_loss:6.04653238 val_bpb:3.58109706
