W0411 18:27:24.302000 261 torch/distributed/run.py:803] 
W0411 18:27:24.302000 261 torch/distributed/run.py:803] *****************************************
W0411 18:27:24.302000 261 torch/distributed/run.py:803] Setting OMP_NUM_THREADS environment variable for each process to be 1 in default, to avoid your system being overloaded, please further tune the variable for optimal performance in your application as needed. 
W0411 18:27:24.302000 261 torch/distributed/run.py:803] *****************************************
NCCL version 2.27.5+cuda12.9
logs/adaptive_cascade_4gpu_5k_no_qat_20260411-182722.txt
adaptive_eval:enabled coarse_every:500 dense_every:100 band_center:2500 band_radius:750 flatten_window:3 flatten_ratio:0.350
cascade:enabled ema_decay:0.9970 qat_allowed:0
val_bpb:enabled tokenizer_kind=sentencepiece tokenizer_path=./data/tokenizers/fineweb_1024_bpe.model
train_loader:dataset:fineweb10B_sp1024 train_shards:1
val_loader:shards pattern=./data/datasets/fineweb10B_sp1024/fineweb_val_*.bin tokens:62021632
model_params:2365960
world_size:4 grad_accum_steps:2
sdp_backends:cudnn=False flash=True mem_efficient=False math=False
attention_mode:gqa num_heads:8 num_kv_heads:4
tie_embeddings:True embed_lr:0.05 head_lr:0.0 matrix_lr:0.04 scalar_lr:0.04
train_batch_tokens:524288 train_seq_len:1024 iterations:5000 warmup_steps:20 max_wallclock_seconds:0.000
seed:1337
warmup_step:1/20
warmup_step:2/20
warmup_step:3/20
warmup_step:4/20
warmup_step:5/20
warmup_step:6/20
warmup_step:7/20
warmup_step:8/20
warmup_step:9/20
warmup_step:10/20
warmup_step:11/20
warmup_step:12/20
warmup_step:13/20
warmup_step:14/20
warmup_step:15/20
warmup_step:16/20
warmup_step:17/20
warmup_step:18/20
warmup_step:19/20
warmup_step:20/20
step:0/5000 val_loss:6.9327 val_bpb:4.1059 train_time:0ms step_avg:0.02ms stage:base
step:1/5000 train_loss:6.9341 train_time:88ms step_avg:87.87ms
step:2/5000 train_loss:13.4512 train_time:399ms step_avg:199.47ms
step:3/5000 train_loss:15.7411 train_time:711ms step_avg:237.07ms
step:4/5000 train_loss:12.7563 train_time:1024ms step_avg:256.04ms
step:5/5000 train_loss:10.1464 train_time:1336ms step_avg:267.19ms
step:6/5000 train_loss:8.7728 train_time:1648ms step_avg:274.75ms
step:7/5000 train_loss:7.8851 train_time:1961ms step_avg:280.12ms
step:8/5000 train_loss:7.7631 train_time:2273ms step_avg:284.17ms
step:9/5000 train_loss:7.5222 train_time:2586ms step_avg:287.31ms
step:10/5000 train_loss:7.1500 train_time:2898ms step_avg:289.84ms
step:100/5000 train_loss:3.7451 train_time:31082ms step_avg:310.82ms
step:200/5000 train_loss:3.1605 train_time:62479ms step_avg:312.40ms
step:300/5000 train_loss:2.9700 train_time:93890ms step_avg:312.97ms
step:400/5000 train_loss:2.8425 train_time:125293ms step_avg:313.23ms
step:500/5000 train_loss:2.8297 train_time:156699ms step_avg:313.40ms
step:500/5000 val_loss:2.8118 val_bpb:1.6653 train_time:156931ms step_avg:313.86ms stage:base
step:600/5000 train_loss:2.7454 train_time:188107ms step_avg:313.51ms
step:700/5000 train_loss:2.6854 train_time:219511ms step_avg:313.59ms
step:800/5000 train_loss:2.6001 train_time:250921ms step_avg:313.65ms
step:900/5000 train_loss:2.6311 train_time:282335ms step_avg:313.71ms
step:1000/5000 train_loss:3.0230 train_time:313747ms step_avg:313.75ms
step:1000/5000 val_loss:2.6753 val_bpb:1.5845 train_time:313979ms step_avg:313.98ms stage:base
step:1100/5000 train_loss:2.5687 train_time:345162ms step_avg:313.78ms
step:1200/5000 train_loss:2.5545 train_time:376573ms step_avg:313.81ms
step:1300/5000 train_loss:2.6091 train_time:407986ms step_avg:313.84ms
step:1400/5000 train_loss:2.6195 train_time:439404ms step_avg:313.86ms
step:1500/5000 train_loss:2.6560 train_time:470819ms step_avg:313.88ms
step:1500/5000 val_loss:2.6283 val_bpb:1.5566 train_time:471050ms step_avg:314.03ms stage:base
step:1600/5000 train_loss:2.6528 train_time:502234ms step_avg:313.90ms
step:1700/5000 train_loss:2.5862 train_time:533643ms step_avg:313.91ms
step:1800/5000 train_loss:2.5782 train_time:565052ms step_avg:313.92ms
step:1800/5000 val_loss:2.6073 val_bpb:1.5442 train_time:565284ms step_avg:314.05ms stage:base
adaptive_eval:flatten_detected step:1800 remaining_fraction:1.000 stage:base
cascade:switch step:1800 new_stage:late_ema
step:1900/5000 train_loss:2.6440 train_time:596465ms step_avg:313.93ms
step:1900/5000 val_loss:2.5867 val_bpb:1.5320 train_time:596694ms step_avg:314.05ms stage:late_ema
step:2000/5000 train_loss:2.6270 train_time:627872ms step_avg:313.94ms
step:2000/5000 val_loss:2.5750 val_bpb:1.5251 train_time:628101ms step_avg:314.05ms stage:late_ema
step:2100/5000 train_loss:2.5798 train_time:659278ms step_avg:313.94ms
step:2100/5000 val_loss:2.5671 val_bpb:1.5204 train_time:659507ms step_avg:314.05ms stage:late_ema
step:2200/5000 train_loss:2.4441 train_time:690686ms step_avg:313.95ms
step:2200/5000 val_loss:2.5635 val_bpb:1.5182 train_time:690915ms step_avg:314.05ms stage:late_ema
step:2300/5000 train_loss:2.4979 train_time:722089ms step_avg:313.95ms
step:2300/5000 val_loss:2.5613 val_bpb:1.5170 train_time:722318ms step_avg:314.05ms stage:late_ema
step:2400/5000 train_loss:2.5456 train_time:753497ms step_avg:313.96ms
step:2400/5000 val_loss:2.5615 val_bpb:1.5171 train_time:753726ms step_avg:314.05ms stage:late_ema
adaptive_eval:flatten_detected step:2400 remaining_fraction:1.000 stage:late_ema
step:2500/5000 train_loss:2.5911 train_time:784896ms step_avg:313.96ms
step:2500/5000 val_loss:2.5627 val_bpb:1.5178 train_time:785125ms step_avg:314.05ms stage:late_ema
step:2600/5000 train_loss:2.5708 train_time:816300ms step_avg:313.96ms
step:2600/5000 val_loss:2.5653 val_bpb:1.5193 train_time:816529ms step_avg:314.05ms stage:late_ema
step:2700/5000 train_loss:2.6525 train_time:847705ms step_avg:313.96ms
step:2700/5000 val_loss:2.5686 val_bpb:1.5213 train_time:847934ms step_avg:314.05ms stage:late_ema
step:2800/5000 train_loss:2.6666 train_time:879110ms step_avg:313.97ms
step:2800/5000 val_loss:2.5732 val_bpb:1.5240 train_time:879339ms step_avg:314.05ms stage:late_ema
step:2900/5000 train_loss:2.5359 train_time:910514ms step_avg:313.97ms
step:2900/5000 val_loss:2.5783 val_bpb:1.5270 train_time:910743ms step_avg:314.05ms stage:late_ema
step:3000/5000 train_loss:2.5647 train_time:941913ms step_avg:313.97ms
step:3000/5000 val_loss:2.5848 val_bpb:1.5309 train_time:942142ms step_avg:314.05ms stage:late_ema
